BcastRecSinBcastDynReg/app/build/intermediates/manifest_merge_blame_file/debug/manifest-merger-blame-debug-report.txt
1<?xml version="1.0" encoding="utf-8"?>
2<manifest xmlns:android="http://schemas.android.com/apk/res/android"
3    package="course.examples.broadcastreceiver.singlebroadcastdynamicregistration" >
4
5    <uses-sdk
6        android:minSdkVersion="23"
6-->src\main\AndroidManifest.xml
7        android:targetSdkVersion="28" />
7-->src\main\AndroidManifest.xml
8
9    <uses-permission android:name="android.permission.VIBRATE" />
9-->src\main\AndroidManifest.xml:6:5-66
9-->src\main\AndroidManifest.xml:6:22-63
10
11    <application
11-->src\main\AndroidManifest.xml:8:5-21:19
12        android:allowBackup="false"
12-->src\main\AndroidManifest.xml:9:9-36
13        android:appComponentFactory="android.support.v4.app.CoreComponentFactory"
13-->[com.android.support:support-compat:28.0.0] AndroidManifest.xml:22:18-91
14        android:debuggable="true"
15        android:extractNativeLibs="false"
16        android:icon="@mipmap/ic_launcher"
16-->src\main\AndroidManifest.xml:10:9-43
17        android:label="@string/app_name"
17-->src\main\AndroidManifest.xml:11:9-41
18        android:testOnly="true"
19        android:theme="@style/MaterialTheme" >
19-->src\main\AndroidManifest.xml:12:9-45
20        <activity android:name="course.examples.broadcastreceiver.singlebroadcastdynamicregistration.SingleBroadcastActivity" >
20-->src\main\AndroidManifest.xml:14:9-20:20
20-->src\main\AndroidManifest.xml:14:19-58
21            <intent-filter>
21-->src\main\AndroidManifest.xml:15:13-19:29
22                <action android:name="android.intent.action.MAIN" />
22-->src\main\AndroidManifest.xml:16:17-69
22-->src\main\AndroidManifest.xml:16:25-66
23
24                <category android:name="android.intent.category.LAUNCHER" />
24-->src\main\AndroidManifest.xml:18:17-77
24-->src\main\AndroidManifest.xml:18:27-74
25            </intent-filter>
26        </activity>
27    </application>
28
29</manifest>